Using pre-set license
Built from '2020.3/release' branch; Version is '2020.3.15f2 (6cf78cb77498) revision 7141260'; Using compiler version '192528614'; Build Type 'Release'
OS: 'Windows 10 Pro; OS build 19043.1237; Version 2009; 64bit' Language: 'en' Physical Memory: 32702 MB
BatchMode: 1, IsHumanControllingUs: 0, StartBugReporterOnCrash: 0, Is64bit: 1, IsPro: 0

 COMMAND LINE ARGUMENTS:
D:\Unity\2020.3.15f2\Editor\Unity.exe
-adb2
-batchMode
-noUpm
-name
AssetImportWorker0
-projectPath
D:/RossoGames/Unity/Learning/Unity Learn/Proyect-2D-Roguelike/2D Roguelike
-logFile
Logs/AssetImportWorker0.log
-srvPort
65172
Successfully changed project path to: D:/RossoGames/Unity/Learning/Unity Learn/Proyect-2D-Roguelike/2D Roguelike
D:/RossoGames/Unity/Learning/Unity Learn/Proyect-2D-Roguelike/2D Roguelike
Using Asset Import Pipeline V2.
Refreshing native plugins compatible for Editor in 36.01 ms, found 3 plugins.
Preloading 0 native plugins for Editor in 0.00 ms.
Initialize engine version: 2020.3.15f2 (6cf78cb77498)
[Subsystems] Discovering subsystems at path D:/Unity/2020.3.15f2/Editor/Data/Resources/UnitySubsystems
[Subsystems] Discovering subsystems at path D:/RossoGames/Unity/Learning/Unity Learn/Proyect-2D-Roguelike/2D Roguelike/Assets
GfxDevice: creating device client; threaded=0
Direct3D:
    Version:  Direct3D 11.0 [level 11.1]
    Renderer: NVIDIA GeForce RTX 2060 (ID=0x1f08)
    Vendor:   
    VRAM:     5980 MB
    Driver:   27.21.14.6677
Initialize mono
Mono path[0] = 'D:/Unity/2020.3.15f2/Editor/Data/Managed'
Mono path[1] = 'D:/Unity/2020.3.15f2/Editor/Data/MonoBleedingEdge/lib/mono/unityjit'
Mono config path = 'D:/Unity/2020.3.15f2/Editor/Data/MonoBleedingEdge/etc'
Using monoOptions --debugger-agent=transport=dt_socket,embedding=1,server=y,suspend=n,address=127.0.0.1:56944
Begin MonoManager ReloadAssembly
Registering precompiled unity dll's ...
Register platform support module: D:/Unity/2020.3.15f2/Editor/Data/PlaybackEngines/WebGLSupport/UnityEditor.WebGL.Extensions.dll
Register platform support module: D:/Unity/2020.3.15f2/Editor/Data/PlaybackEngines/WindowsStandaloneSupport/UnityEditor.WindowsStandalone.Extensions.dll
Registered in 0.001097 seconds.
Native extension for WindowsStandalone target not found
Native extension for WebGL target not found
Refreshing native plugins compatible for Editor in 33.63 ms, found 3 plugins.
Preloading 0 native plugins for Editor in 0.00 ms.
Mono: successfully reloaded assembly
- Completed reload, in  0.885 seconds
Domain Reload Profiling:
	ReloadAssembly (885ms)
		BeginReloadAssembly (45ms)
			ExecutionOrderSort (0ms)
			DisableScriptedObjects (0ms)
			BackupInstance (0ms)
			ReleaseScriptingObjects (0ms)
			CreateAndSetChildDomain (1ms)
		EndReloadAssembly (360ms)
			LoadAssemblies (44ms)
			RebuildTransferFunctionScriptingTraits (0ms)
			SetupTypeCache (124ms)
			ReleaseScriptCaches (0ms)
			RebuildScriptCaches (32ms)
			SetupLoadedEditorAssemblies (145ms)
				LogAssemblyErrors (0ms)
				InitializePlatformSupportModulesInManaged (4ms)
				SetLoadedEditorAssemblies (0ms)
				RefreshPlugins (34ms)
				BeforeProcessingInitializeOnLoad (13ms)
				ProcessInitializeOnLoadAttributes (71ms)
				ProcessInitializeOnLoadMethodAttributes (23ms)
				AfterProcessingInitializeOnLoad (0ms)
				EditorAssembliesLoaded (0ms)
			ExecutionOrderSort2 (0ms)
			AwakeInstancesAfterBackupRestoration (0ms)
Platform modules already initialized, skipping
Registering precompiled user dll's ...
Registered in 0.002518 seconds.
Begin MonoManager ReloadAssembly
Native extension for WindowsStandalone target not found
Native extension for WebGL target not found
Refreshing native plugins compatible for Editor in 32.56 ms, found 3 plugins.
Preloading 0 native plugins for Editor in 0.00 ms.
Mono: successfully reloaded assembly
- Completed reload, in  1.025 seconds
Domain Reload Profiling:
	ReloadAssembly (1026ms)
		BeginReloadAssembly (120ms)
			ExecutionOrderSort (0ms)
			DisableScriptedObjects (4ms)
			BackupInstance (0ms)
			ReleaseScriptingObjects (0ms)
			CreateAndSetChildDomain (16ms)
		EndReloadAssembly (858ms)
			LoadAssemblies (72ms)
			RebuildTransferFunctionScriptingTraits (0ms)
			SetupTypeCache (247ms)
			ReleaseScriptCaches (0ms)
			RebuildScriptCaches (48ms)
			SetupLoadedEditorAssemblies (385ms)
				LogAssemblyErrors (0ms)
				InitializePlatformSupportModulesInManaged (4ms)
				SetLoadedEditorAssemblies (0ms)
				RefreshPlugins (33ms)
				BeforeProcessingInitializeOnLoad (82ms)
				ProcessInitializeOnLoadAttributes (253ms)
				ProcessInitializeOnLoadMethodAttributes (11ms)
				AfterProcessingInitializeOnLoad (2ms)
				EditorAssembliesLoaded (0ms)
			ExecutionOrderSort2 (0ms)
			AwakeInstancesAfterBackupRestoration (5ms)
Platform modules already initialized, skipping
========================================================================
Worker process is ready to serve import requests
Launched and connected shader compiler UnityShaderCompiler.exe after 0.04 seconds
Refreshing native plugins compatible for Editor in 0.44 ms, found 3 plugins.
Preloading 0 native plugins for Editor in 0.00 ms.
Unloading 2090 Unused Serialized files (Serialized files now loaded: 0)
System memory in use before: 93.7 MB.
System memory in use after: 93.7 MB.

Unloading 33 unused Assets to reduce memory usage. Loaded Objects now: 2523.
Total: 2.610800 ms (FindLiveObjects: 0.190700 ms CreateObjectMapping: 0.062600 ms MarkObjects: 2.206400 ms  DeleteObjects: 0.150200 ms)

AssetImportParameters requested are different than current active one (requested -> active):
  custom:framework-win-MediaFoundation: 216162199b28c13a410421893ffa2e32 -> 
  custom:video-decoder-ogg-theora: a1e56fd34408186e4bbccfd4996cb3dc -> 
  custom:container-muxer-webm: aa71ff27fc2769a1b78a27578f13a17b -> 
  custom:container-demuxer-webm: 4f35f7cbe854078d1ac9338744f61a02 -> 
  custom:container-demuxer-ogg: 62fdf1f143b41e24485cea50d1cbac27 -> 
  custom:video-encoder-webm-vp8: eb34c28f22e8b96e1ab97ce403110664 -> 
  custom:video-decoder-webm-vp8: 9c59270c3fd7afecdb556c50c9e8de78 -> 
  custom:audio-decoder-ogg-vorbis: bf7c407c2cedff20999df2af8eb42d56 -> 
  custom:audio-encoder-webm-vorbis: bf7c407c2cedff20999df2af8eb42d56 -> 
========================================================================
Received Import Request.
  path: Assets
  artifactKey: Guid(00000000000000001000000000000000) Importer(815301076,1909f56bfc062723c751e8b465ee728b)
Start importing Assets using Guid(00000000000000001000000000000000) Importer(815301076,1909f56bfc062723c751e8b465ee728b)  -> (artifact id: '42d402b061de3733987d63b9cc3b64de') in 0.007154 seconds 
  Import took 0.009808 seconds .

========================================================================
Received Prepare
Registering precompiled user dll's ...
Registered in 0.002478 seconds.
Begin MonoManager ReloadAssembly
Native extension for WindowsStandalone target not found
Native extension for WebGL target not found
Refreshing native plugins compatible for Editor in 0.48 ms, found 3 plugins.
Preloading 0 native plugins for Editor in 0.00 ms.
Mono: successfully reloaded assembly
- Completed reload, in  1.025 seconds
Domain Reload Profiling:
	ReloadAssembly (1025ms)
		BeginReloadAssembly (100ms)
			ExecutionOrderSort (0ms)
			DisableScriptedObjects (6ms)
			BackupInstance (0ms)
			ReleaseScriptingObjects (0ms)
			CreateAndSetChildDomain (32ms)
		EndReloadAssembly (870ms)
			LoadAssemblies (76ms)
			RebuildTransferFunctionScriptingTraits (0ms)
			SetupTypeCache (283ms)
			ReleaseScriptCaches (1ms)
			RebuildScriptCaches (44ms)
			SetupLoadedEditorAssemblies (370ms)
				LogAssemblyErrors (0ms)
				InitializePlatformSupportModulesInManaged (5ms)
				SetLoadedEditorAssemblies (0ms)
				RefreshPlugins (1ms)
				BeforeProcessingInitializeOnLoad (88ms)
				ProcessInitializeOnLoadAttributes (268ms)
				ProcessInitializeOnLoadMethodAttributes (5ms)
				AfterProcessingInitializeOnLoad (2ms)
				EditorAssembliesLoaded (0ms)
			ExecutionOrderSort2 (0ms)
			AwakeInstancesAfterBackupRestoration (10ms)
Platform modules already initialized, skipping
Refreshing native plugins compatible for Editor in 0.41 ms, found 3 plugins.
Preloading 0 native plugins for Editor in 0.00 ms.
Unloading 2097 Unused Serialized files (Serialized files now loaded: 0)
System memory in use before: 94.0 MB.
System memory in use after: 94.0 MB.

Unloading 21 unused Assets to reduce memory usage. Loaded Objects now: 2539.
Total: 2.537300 ms (FindLiveObjects: 0.182400 ms CreateObjectMapping: 0.059700 ms MarkObjects: 2.208900 ms  DeleteObjects: 0.085000 ms)

AssetImportParameters requested are different than current active one (requested -> active):
  custom:framework-win-MediaFoundation: 216162199b28c13a410421893ffa2e32 -> 
  custom:video-decoder-ogg-theora: a1e56fd34408186e4bbccfd4996cb3dc -> 
  custom:container-muxer-webm: aa71ff27fc2769a1b78a27578f13a17b -> 
  custom:container-demuxer-webm: 4f35f7cbe854078d1ac9338744f61a02 -> 
  custom:container-demuxer-ogg: 62fdf1f143b41e24485cea50d1cbac27 -> 
  custom:video-encoder-webm-vp8: eb34c28f22e8b96e1ab97ce403110664 -> 
  custom:video-decoder-webm-vp8: 9c59270c3fd7afecdb556c50c9e8de78 -> 
  custom:audio-decoder-ogg-vorbis: bf7c407c2cedff20999df2af8eb42d56 -> 
  custom:audio-encoder-webm-vorbis: bf7c407c2cedff20999df2af8eb42d56 -> 
========================================================================
Received Import Request.
  Time since last request: 37.518844 seconds.
  path: Assets/Readme.asset
  artifactKey: Guid(83c2ed844a8c74b779a4c823d16594b1) Importer(815301076,1909f56bfc062723c751e8b465ee728b)
Start importing Assets/Readme.asset using Guid(83c2ed844a8c74b779a4c823d16594b1) Importer(815301076,1909f56bfc062723c751e8b465ee728b)  -> (artifact id: '6ceac4e3fb56139af210c952e395209b') in 0.061974 seconds 
  Import took 0.064738 seconds .

========================================================================
Received Import Request.
  Time since last request: 8.757611 seconds.
  path: Assets/Scenes
  artifactKey: Guid(0f327fc5d2d43704e9444ee81249cc0a) Importer(815301076,1909f56bfc062723c751e8b465ee728b)
Start importing Assets/Scenes using Guid(0f327fc5d2d43704e9444ee81249cc0a) Importer(815301076,1909f56bfc062723c751e8b465ee728b)  -> (artifact id: '439ccb1e503f1bffaacaa56c05eb714e') in 0.008301 seconds 
  Import took 0.011680 seconds .

========================================================================
Received Import Request.
  Time since last request: 0.715768 seconds.
  path: Assets/Scenes/SampleScene.unity
  artifactKey: Guid(2cda990e2423bbf4892e6590ba056729) Importer(815301076,1909f56bfc062723c751e8b465ee728b)
Start importing Assets/Scenes/SampleScene.unity using Guid(2cda990e2423bbf4892e6590ba056729) Importer(815301076,1909f56bfc062723c751e8b465ee728b)  -> (artifact id: 'aa27944bdea339c97c39027c7eea529c') in 0.006855 seconds 
  Import took 0.010366 seconds .

========================================================================
Received Import Request.
  Time since last request: 2.124784 seconds.
  path: Assets/Sprites
  artifactKey: Guid(43253f702375d1e4795dfe82af7b2d0a) Importer(815301076,1909f56bfc062723c751e8b465ee728b)
Start importing Assets/Sprites using Guid(43253f702375d1e4795dfe82af7b2d0a) Importer(815301076,1909f56bfc062723c751e8b465ee728b)  -> (artifact id: '8d920fa09deb798f42f051fcca684772') in 0.004932 seconds 
  Import took 0.008000 seconds .

========================================================================
Received Import Request.
  Time since last request: 0.059950 seconds.
  path: Assets/Sprites/Scavengers_SpriteSheet.png
  artifactKey: Guid(fbe1e7b94bb1a4a099d5bcb15a00141c) Importer(815301076,1909f56bfc062723c751e8b465ee728b)
Start importing Assets/Sprites/Scavengers_SpriteSheet.png using Guid(fbe1e7b94bb1a4a099d5bcb15a00141c) Importer(815301076,1909f56bfc062723c751e8b465ee728b)  -> (artifact id: 'a4853ecb06ba38e412ab6b4d820e8dc4') in 0.194588 seconds 
  Import took 0.197616 seconds .

========================================================================
Received Import Request.
  Time since last request: 496.667556 seconds.
  path: Assets/Animation
  artifactKey: Guid(60482765421b1f94ab0cff37d900929f) Importer(815301076,1909f56bfc062723c751e8b465ee728b)
Start importing Assets/Animation using Guid(60482765421b1f94ab0cff37d900929f) Importer(815301076,1909f56bfc062723c751e8b465ee728b)  -> (artifact id: '604fe201a0075836587cf4cbdb70ed45') in 0.005535 seconds 
  Import took 0.009020 seconds .

========================================================================
Received Import Request.
  Time since last request: 0.843806 seconds.
  path: Assets/Animation/Player.controller
  artifactKey: Guid(275cfaee03bf2ae4ebe64634b1821e4c) Importer(815301076,1909f56bfc062723c751e8b465ee728b)
Start importing Assets/Animation/Player.controller using Guid(275cfaee03bf2ae4ebe64634b1821e4c) Importer(815301076,1909f56bfc062723c751e8b465ee728b)  -> (artifact id: '97c014a30fe70dac8184e3d85bdcce38') in 0.008047 seconds 
  Import took 0.010898 seconds .

========================================================================
Received Import Request.
  Time since last request: 12.486707 seconds.
  path: Assets/Animation/New Folder
  artifactKey: Guid(7918aa37da551b940a29fd2294155e0d) Importer(815301076,1909f56bfc062723c751e8b465ee728b)
Start importing Assets/Animation/New Folder using Guid(7918aa37da551b940a29fd2294155e0d) Importer(815301076,1909f56bfc062723c751e8b465ee728b)  -> (artifact id: '752b514d3ac04d07c6cc133bd7c56ee0') in 0.004690 seconds 
  Import took 0.007547 seconds .

========================================================================
Received Import Request.
  Time since last request: 0.000991 seconds.
  path: Assets/Animation/New Folder
  artifactKey: Guid(7918aa37da551b940a29fd2294155e0d) Importer(815301076,1909f56bfc062723c751e8b465ee728b)
Start importing Assets/Animation/New Folder using Guid(7918aa37da551b940a29fd2294155e0d) Importer(815301076,1909f56bfc062723c751e8b465ee728b)  -> (artifact id: '752b514d3ac04d07c6cc133bd7c56ee0') in 0.001731 seconds 
  Import took 0.004647 seconds .

========================================================================
Received Import Request.
  Time since last request: 6.978615 seconds.
  path: Assets/_Complete-Game/Animation
  artifactKey: Guid(c2376951b08218f488a2f31016bd37ec) Importer(815301076,1909f56bfc062723c751e8b465ee728b)
Start importing Assets/_Complete-Game/Animation using Guid(c2376951b08218f488a2f31016bd37ec) Importer(815301076,1909f56bfc062723c751e8b465ee728b)  -> (artifact id: 'cfd0dce6d5b0c31c4bb4f3c9e95444a0') in 0.001584 seconds 
  Import took 0.004722 seconds .

========================================================================
Received Import Request.
  Time since last request: 0.000320 seconds.
  path: Assets/_Complete-Game/Animation
  artifactKey: Guid(c2376951b08218f488a2f31016bd37ec) Importer(815301076,1909f56bfc062723c751e8b465ee728b)
Start importing Assets/_Complete-Game/Animation using Guid(c2376951b08218f488a2f31016bd37ec) Importer(815301076,1909f56bfc062723c751e8b465ee728b)  -> (artifact id: 'cfd0dce6d5b0c31c4bb4f3c9e95444a0') in 0.001418 seconds 
  Import took 0.004053 seconds .

========================================================================
Received Import Request.
  Time since last request: 0.895432 seconds.
  path: Assets/_Complete-Game/Animation/Animations
  artifactKey: Guid(5285022ac64480448a3bce35ff6d7b42) Importer(815301076,1909f56bfc062723c751e8b465ee728b)
Start importing Assets/_Complete-Game/Animation/Animations using Guid(5285022ac64480448a3bce35ff6d7b42) Importer(815301076,1909f56bfc062723c751e8b465ee728b)  -> (artifact id: 'f3dc9f8c3a16833bbbe2151a6782d862') in 0.004358 seconds 
  Import took 0.007493 seconds .

========================================================================
Received Import Request.
  Time since last request: 0.581672 seconds.
  path: Assets/_Complete-Game/Animation/AnimatorControllers
  artifactKey: Guid(30f99ba47bf3bb94aab03d6189f3424a) Importer(815301076,1909f56bfc062723c751e8b465ee728b)
Start importing Assets/_Complete-Game/Animation/AnimatorControllers using Guid(30f99ba47bf3bb94aab03d6189f3424a) Importer(815301076,1909f56bfc062723c751e8b465ee728b)  -> (artifact id: 'eeec306fbcde90f427aa389be6e4e847') in 0.004396 seconds 
  Import took 0.007173 seconds .

========================================================================
Received Import Request.
  Time since last request: 3.861775 seconds.
  path: Assets/Animation/New Folder 1
  artifactKey: Guid(e574889b0809b464b9517f0ed08d6dd8) Importer(815301076,1909f56bfc062723c751e8b465ee728b)
Start importing Assets/Animation/New Folder 1 using Guid(e574889b0809b464b9517f0ed08d6dd8) Importer(815301076,1909f56bfc062723c751e8b465ee728b)  -> (artifact id: '3deee96b4f272b1271ea381f2258f02f') in 0.005180 seconds 
  Import took 0.008225 seconds .

========================================================================
Received Import Request.
  Time since last request: 2.514772 seconds.
  path: Assets/Animation/Controller
  artifactKey: Guid(e574889b0809b464b9517f0ed08d6dd8) Importer(815301076,1909f56bfc062723c751e8b465ee728b)
Start importing Assets/Animation/Controller using Guid(e574889b0809b464b9517f0ed08d6dd8) Importer(815301076,1909f56bfc062723c751e8b465ee728b)  -> (artifact id: '2723096890eb12726f8bc69e02c74ca2') in 0.004714 seconds 
  Import took 0.007903 seconds .

========================================================================
Received Import Request.
  Time since last request: 5.972841 seconds.
  path: Assets/Animation/Animations
  artifactKey: Guid(7918aa37da551b940a29fd2294155e0d) Importer(815301076,1909f56bfc062723c751e8b465ee728b)
Start importing Assets/Animation/Animations using Guid(7918aa37da551b940a29fd2294155e0d) Importer(815301076,1909f56bfc062723c751e8b465ee728b)  -> (artifact id: '92a4595e16665f670942a13cff87224a') in 0.001190 seconds 
  Import took 0.003921 seconds .

